<?xml version="1.0" encoding="UTF-8"?>
<!-- Generated by org.testng.reporters.JUnitXMLReporter -->
<testsuite ignored="0" hostname="Ozole" failures="0" tests="4" name="Default test" time="123.003" errors="0" timestamp="2023-06-28T15:35:29 IST">
  <testcase classname="testPages.LoginPage_Tests" name="APMTlogins" time="8.341"/>
  <testcase classname="testPages.LoginPage_Tests" name="APMTlogins" time="8.515"/>
  <testcase classname="testPages.LoginPage_Tests" name="APMTlogins" time="8.782"/>
  <testcase classname="testPages.LoginPage_Tests" name="APMTlogins" time="10.895"/>
</testsuite> <!-- Default test -->
