<?xml version="1.0" encoding="UTF-8"?>
<!-- Generated by org.testng.reporters.JUnitReportReporter -->
<testsuite hostname="Ozole" failures="0" tests="4" name="testPages.LoginPage_Tests" time="122.912" errors="0" timestamp="2023-06-28T15:35:29 IST" skipped="0">
  <testcase classname="testPages.LoginPage_Tests" name="APMTlogins" time="16.191"/>
  <system-out/>
  <testcase classname="testPages.LoginPage_Tests" name="APMTlogins" time="19.621"/>
  <system-out/>
  <testcase classname="testPages.LoginPage_Tests" name="APMTlogins" time="24.131"/>
  <system-out/>
  <testcase classname="testPages.LoginPage_Tests" name="APMTlogins" time="62.969"/>
  <system-out/>
</testsuite> <!-- testPages.LoginPage_Tests -->
